Using pre-set license
Built from '2021.3/staging' branch; Version is '2021.3.26f1 (a16dc32e0ff2) revision 10579395'; Using compiler version '192829333'; Build Type 'Release'
OS: 'Windows 10  (10.0.19045) 64bit Core' Language: 'nl' Physical Memory: 16313 MB
BatchMode: 1, IsHumanControllingUs: 0, StartBugReporterOnCrash: 0, Is64bit: 1, IsPro: 1

COMMAND LINE ARGUMENTS:
C:\Program Files\Unity\Hub\Editor\2021.3.26f1\Editor\Unity.exe
-adb2
-batchMode
-noUpm
-name
AssetImportWorker0
-projectPath
C:/Users/ayrto/MazeAlgorithmDTT
-logFile
Logs/AssetImportWorker0.log
-srvPort
57843
Successfully changed project path to: C:/Users/ayrto/MazeAlgorithmDTT
C:/Users/ayrto/MazeAlgorithmDTT
[UnityMemory] Configuration Parameters - Can be set up in boot.config
    "memorysetup-bucket-allocator-granularity=16"
    "memorysetup-bucket-allocator-bucket-count=8"
    "memorysetup-bucket-allocator-block-size=33554432"
    "memorysetup-bucket-allocator-block-count=8"
    "memorysetup-main-allocator-block-size=16777216"
    "memorysetup-thread-allocator-block-size=16777216"
    "memorysetup-gfx-main-allocator-block-size=16777216"
    "memorysetup-gfx-thread-allocator-block-size=16777216"
    "memorysetup-cache-allocator-block-size=4194304"
    "memorysetup-typetree-allocator-block-size=2097152"
    "memorysetup-profiler-bucket-allocator-granularity=16"
    "memorysetup-profiler-bucket-allocator-bucket-count=8"
    "memorysetup-profiler-bucket-allocator-block-size=33554432"
    "memorysetup-profiler-bucket-allocator-block-count=8"
    "memorysetup-profiler-allocator-block-size=16777216"
    "memorysetup-profiler-editor-allocator-block-size=1048576"
    "memorysetup-temp-allocator-size-main=16777216"
    "memorysetup-job-temp-allocator-block-size=2097152"
    "memorysetup-job-temp-allocator-block-size-background=1048576"
    "memorysetup-job-temp-allocator-reduction-small-platforms=262144"
    "memorysetup-temp-allocator-size-background-worker=32768"
    "memorysetup-temp-allocator-size-job-worker=262144"
    "memorysetup-temp-allocator-size-preload-manager=33554432"
    "memorysetup-temp-allocator-size-nav-mesh-worker=65536"
    "memorysetup-temp-allocator-size-audio-worker=65536"
    "memorysetup-temp-allocator-size-cloud-worker=32768"
    "memorysetup-temp-allocator-size-gi-baking-worker=262144"
    "memorysetup-temp-allocator-size-gfx=262144"
Player connection [9652] Host "[IP] 192.168.178.17 [Port] 0 [Flags] 2 [Guid] 4265153312 [EditorId] 4265153312 [Version] 1048832 [Id] WindowsEditor(7,DESKTOP-LVAK21K) [Debug] 1 [PackageName] WindowsEditor [ProjectName] Editor" joined multi-casting on [225.0.0.222:54997]...

Player connection [9652] Host "[IP] 192.168.178.17 [Port] 0 [Flags] 2 [Guid] 4265153312 [EditorId] 4265153312 [Version] 1048832 [Id] WindowsEditor(7,DESKTOP-LVAK21K) [Debug] 1 [PackageName] WindowsEditor [ProjectName] Editor" joined alternative multi-casting on [225.0.0.222:34997]...

Refreshing native plugins compatible for Editor in 78.17 ms, found 3 plugins.
Preloading 0 native plugins for Editor in 0.00 ms.
Initialize engine version: 2021.3.26f1 (a16dc32e0ff2)
[Subsystems] Discovering subsystems at path C:/Program Files/Unity/Hub/Editor/2021.3.26f1/Editor/Data/Resources/UnitySubsystems
[Subsystems] Discovering subsystems at path C:/Users/ayrto/MazeAlgorithmDTT/Assets
GfxDevice: creating device client; threaded=0; jobified=0
Direct3D:
    Version:  Direct3D 11.0 [level 11.1]
    Renderer: NVIDIA GeForce GTX 1660 (ID=0x2184)
    Vendor:   NVIDIA
    VRAM:     5980 MB
    Driver:   31.0.15.3742
Initialize mono
Mono path[0] = 'C:/Program Files/Unity/Hub/Editor/2021.3.26f1/Editor/Data/Managed'
Mono path[1] = 'C:/Program Files/Unity/Hub/Editor/2021.3.26f1/Editor/Data/MonoBleedingEdge/lib/mono/unityjit-win32'
Mono config path = 'C:/Program Files/Unity/Hub/Editor/2021.3.26f1/Editor/Data/MonoBleedingEdge/etc'
Using monoOptions --debugger-agent=transport=dt_socket,embedding=1,server=y,suspend=n,address=127.0.0.1:56588
Begin MonoManager ReloadAssembly
Registering precompiled unity dll's ...
Register platform support module: C:/Program Files/Unity/Hub/Editor/2021.3.26f1/Editor/Data/PlaybackEngines/WindowsStandaloneSupport/UnityEditor.WindowsStandalone.Extensions.dll
Registered in 0.014934 seconds.
Native extension for WindowsStandalone target not found
Refreshing native plugins compatible for Editor in 76.27 ms, found 3 plugins.
Preloading 0 native plugins for Editor in 0.00 ms.
Mono: successfully reloaded assembly
- Completed reload, in  0.814 seconds
Domain Reload Profiling:
	ReloadAssembly (814ms)
		BeginReloadAssembly (122ms)
			ExecutionOrderSort (0ms)
			DisableScriptedObjects (0ms)
			BackupInstance (0ms)
			ReleaseScriptingObjects (0ms)
			CreateAndSetChildDomain (1ms)
		EndReloadAssembly (551ms)
			LoadAssemblies (117ms)
			RebuildTransferFunctionScriptingTraits (0ms)
			SetupTypeCache (129ms)
			ReleaseScriptCaches (0ms)
			RebuildScriptCaches (31ms)
			SetupLoadedEditorAssemblies (323ms)
				LogAssemblyErrors (0ms)
				InitializePlatformSupportModulesInManaged (12ms)
				SetLoadedEditorAssemblies (0ms)
				RefreshPlugins (76ms)
				BeforeProcessingInitializeOnLoad (2ms)
				ProcessInitializeOnLoadAttributes (171ms)
				ProcessInitializeOnLoadMethodAttributes (61ms)
				AfterProcessingInitializeOnLoad (0ms)
				EditorAssembliesLoaded (0ms)
			ExecutionOrderSort2 (0ms)
			AwakeInstancesAfterBackupRestoration (0ms)
Platform modules already initialized, skipping
Registering precompiled user dll's ...
Registered in 0.010280 seconds.
Begin MonoManager ReloadAssembly
Symbol file LoadedFromMemory doesn't match image C:\Users\ayrto\MazeAlgorithmDTT\Library\PackageCache\com.unity.visualscripting@1.8.0\Editor\VisualScripting.Core\Dependencies\YamlDotNet\Unity.VisualScripting.YamlDotNet.dll
Symbol file LoadedFromMemory doesn't match image C:\Users\ayrto\MazeAlgorithmDTT\Library\PackageCache\com.unity.visualscripting@1.8.0\Editor\VisualScripting.Core\Dependencies\DotNetZip\Unity.VisualScripting.IonicZip.dll
Native extension for WindowsStandalone target not found
Refreshing native plugins compatible for Editor in 0.54 ms, found 3 plugins.
Preloading 0 native plugins for Editor in 0.00 ms.
Mono: successfully reloaded assembly
- Completed reload, in  1.351 seconds
Domain Reload Profiling:
	ReloadAssembly (1352ms)
		BeginReloadAssembly (174ms)
			ExecutionOrderSort (0ms)
			DisableScriptedObjects (8ms)
			BackupInstance (0ms)
			ReleaseScriptingObjects (0ms)
			CreateAndSetChildDomain (24ms)
		EndReloadAssembly (1021ms)
			LoadAssemblies (138ms)
			RebuildTransferFunctionScriptingTraits (0ms)
			SetupTypeCache (348ms)
			ReleaseScriptCaches (1ms)
			RebuildScriptCaches (64ms)
			SetupLoadedEditorAssemblies (452ms)
				LogAssemblyErrors (0ms)
				InitializePlatformSupportModulesInManaged (8ms)
				SetLoadedEditorAssemblies (1ms)
				RefreshPlugins (1ms)
				BeforeProcessingInitializeOnLoad (103ms)
				ProcessInitializeOnLoadAttributes (295ms)
				ProcessInitializeOnLoadMethodAttributes (27ms)
				AfterProcessingInitializeOnLoad (18ms)
				EditorAssembliesLoaded (0ms)
			ExecutionOrderSort2 (0ms)
			AwakeInstancesAfterBackupRestoration (7ms)
Platform modules already initialized, skipping
========================================================================
Worker process is ready to serve import requests
Launched and connected shader compiler UnityShaderCompiler.exe after 0.05 seconds
Refreshing native plugins compatible for Editor in 0.62 ms, found 3 plugins.
Preloading 0 native plugins for Editor in 0.00 ms.
Unloading 3231 Unused Serialized files (Serialized files now loaded: 0)
Unloading 35 unused Assets / (129.3 KB). Loaded Objects now: 3694.
Memory consumption went from 116.3 MB to 116.2 MB.
Total: 3.764700 ms (FindLiveObjects: 0.355300 ms CreateObjectMapping: 0.089100 ms MarkObjects: 3.183300 ms  DeleteObjects: 0.134800 ms)

AssetImportParameters requested are different than current active one (requested -> active):
  custom:video-decoder-ogg-theora: a1e56fd34408186e4bbccfd4996cb3dc -> 
  custom:container-muxer-webm: aa71ff27fc2769a1b78a27578f13a17b -> 
  custom:container-demuxer-webm: 4f35f7cbe854078d1ac9338744f61a02 -> 
  custom:video-encoder-webm-vp8: eb34c28f22e8b96e1ab97ce403110664 -> 
  custom:audio-encoder-webm-vorbis: bf7c407c2cedff20999df2af8eb42d56 -> 
  custom:framework-win-MediaFoundation: 216162199b28c13a410421893ffa2e32 -> 
  custom:container-demuxer-ogg: 62fdf1f143b41e24485cea50d1cbac27 -> 
  custom:video-decoder-webm-vp8: 9c59270c3fd7afecdb556c50c9e8de78 -> 
  custom:audio-decoder-ogg-vorbis: bf7c407c2cedff20999df2af8eb42d56 -> 
========================================================================
Received Import Request.
  Time since last request: 252918.515847 seconds.
  path: Assets/Scripts/Algorithms/DepthFirstSearch.cs
  artifactKey: Guid(390e02126fafaf8439a7639fdfba2cd3) Importer(815301076,1909f56bfc062723c751e8b465ee728b)
Start importing Assets/Scripts/Algorithms/DepthFirstSearch.cs using Guid(390e02126fafaf8439a7639fdfba2cd3) Importer(815301076,1909f56bfc062723c751e8b465ee728b)  -> (artifact id: '00000000000000000000000000000000') in 0.298409 seconds  code(4) message(Build asset version error: assets/scripts/algorithms/depthfirstsearch.cs in SourceAssetDB has modification time of '2023-12-15T11:28:16.2016555Z' while content on disk has modification time of '0001-01-01T00:00:00Z' with error code 2
Stacktrace:
0x00007ff73d55041d (Unity) StackWalker::GetCurrentCallstack
0x00007ff73d556fd9 (Unity) StackWalker::ShowCallstack
0x00007ff73e4f3973 (Unity) GetStacktrace
0x00007ff73e8968d4 (Unity) GetAssetHashAndValidate
0x00007ff73e891e38 (Unity) AssetVersionBuilder::BuildHashOfSourceAssetArray
0x00007ff73e88fbdc (Unity) AssetVersionBuilder::BuildAssetVersion
0x00007ff73e814d24 (Unity) CreateAssetVersionBuilder
0x00007ff73e81b826 (Unity) ImportToObjects
0x00007ff73e81a553 (Unity) ImportAsset
0x00007ff73e83d811 (Unity) AssetImportWorker::Import
0x00007ff73e8a78b8 (Unity) <lambda_b2420ec5ba262cbc5a49f56b4db03b86>::operator()
0x00007ff73e8e7ca2 (Unity) asio::detail::completion_handler<core::mutable_function<void __cdecl(void)>,asio::io_context::basic_executor_type<std::allocator<void>,0> >::do_complete
0x00007ff73e8d3b8e (Unity) asio::detail::win_iocp_io_context::do_one
0x00007ff73e8d57f4 (Unity) asio::detail::win_iocp_io_context::run
0x00007ff73e8e608e (Unity) IOService::Run
0x00007ff73e8b879f (Unity) AssetImportWorkerClient::Run
0x00007ff73e880da3 (Unity) RunAssetImportWorkerClientV2
0x00007ff73e880e2b (Unity) RunAssetImporterV2
0x00007ff73e0987e8 (Unity) Application::InitializeProject
0x00007ff73e4fe0d8 (Unity) WinMain
0x00007ff73f8de77e (Unity) __scrt_common_main_seh
0x00007ffac3a27344 (KERNEL32) BaseThreadInitThunk
0x00007ffac4d826b1 (ntdll) RtlUserThreadStart
)
  ERROR: Build asset version error: assets/scripts/algorithms/depthfirstsearch.cs in SourceAssetDB has modification time of '2023-12-15T11:28:16.2016555Z' while content on disk has modification time of '0001-01-01T00:00:00Z' with error code 2
Stacktrace:
0x00007ff73d55041d (Unity) StackWalker::GetCurrentCallstack
0x00007ff73d556fd9 (Unity) StackWalker::ShowCallstack
0x00007ff73e4f3973 (Unity) GetStacktrace
0x00007ff73e8968d4 (Unity) GetAssetHashAndValidate
0x00007ff73e891e38 (Unity) AssetVersionBuilder::BuildHashOfSourceAssetArray
0x00007ff73e88fbdc (Unity) AssetVersionBuilder::BuildAssetVersion
0x00007ff73e814d24 (Unity) CreateAssetVersionBuilder
0x00007ff73e81b826 (Unity) ImportToObjects
0x00007ff73e81a553 (Unity) ImportAsset
0x00007ff73e83d811 (Unity) AssetImportWorker::Import
0x00007ff73e8a78b8 (Unity) <lambda_b2420ec5ba262cbc5a49f56b4db03b86>::operator()
0x00007ff73e8e7ca2 (Unity) asio::detail::completion_handler<core::mutable_function<void __cdecl(void)>,asio::io_context::basic_executor_type<std::allocator<void>,0> >::do_complete
0x00007ff73e8d3b8e (Unity) asio::detail::win_iocp_io_context::do_one
0x00007ff73e8d57f4 (Unity) asio::detail::win_iocp_io_context::run
0x00007ff73e8e608e (Unity) IOService::Run
0x00007ff73e8b879f (Unity) AssetImportWorkerClient::Run
0x00007ff73e880da3 (Unity) RunAssetImportWorkerClientV2
0x00007ff73e880e2b (Unity) RunAssetImporterV2
0x00007ff73e0987e8 (Unity) Application::InitializeProject
0x00007ff73e4fe0d8 (Unity) WinMain
0x00007ff73f8de77e (Unity) __scrt_common_main_seh
0x00007ffac3a27344 (KERNEL32) BaseThreadInitThunk
0x00007ffac4d826b1 (ntdll) RtlUserThreadStart

